BTGuitar/app/build/outputs/logs/manifest-merger-debug-report.txt
-- Merging decision tree log ---
manifest
ADDED from src\main\AndroidManifest.xml:2:1-54:12
	package
		ADDED from src\main\AndroidManifest.xml:3:5-40
		INJECTED from src\main\AndroidManifest.xml
		INJECTED from src\main\AndroidManifest.xml
	android:versionName
		ADDED from src\main\AndroidManifest.xml:5:5-30
		INJECTED from src\main\AndroidManifest.xml
		INJECTED from src\main\AndroidManifest.xml
	android:versionCode
		ADDED from src\main\AndroidManifest.xml:4:5-28
		INJECTED from src\main\AndroidManifest.xml
		INJECTED from src\main\AndroidManifest.xml
	xmlns:android
		ADDED from src\main\AndroidManifest.xml:2:11-69
uses-sdk
ADDED from src\main\AndroidManifest.xml:7:5-9:41
MERGED from [com.android.support:appcompat-v7:21.0.3] AndroidManifest.xml:15:5-42
MERGED from [com.android.support:support-v4:21.0.3] AndroidManifest.xml:15:5-42
	android:targetSdkVersion
		ADDED from src\main\AndroidManifest.xml:9:9-38
		INJECTED from src\main\AndroidManifest.xml
		INJECTED from src\main\AndroidManifest.xml
	android:minSdkVersion
		ADDED from src\main\AndroidManifest.xml:8:9-34
		INJECTED from src\main\AndroidManifest.xml
		INJECTED from src\main\AndroidManifest.xml
uses-permission#android.permission.BLUETOOTH
ADDED from src\main\AndroidManifest.xml:11:5-68
	android:name
		ADDED from src\main\AndroidManifest.xml:11:22-65
uses-permission#android.permission.BLUETOOTH_ADMIN
ADDED from src\main\AndroidManifest.xml:12:5-74
	android:name
		ADDED from src\main\AndroidManifest.xml:12:22-71
uses-permission#android.permission.VIBRATE
ADDED from src\main\AndroidManifest.xml:13:5-66
	android:name
		ADDED from src\main\AndroidManifest.xml:13:22-63
application
ADDED from src\main\AndroidManifest.xml:17:5-52:19
MERGED from [com.android.support:appcompat-v7:21.0.3] AndroidManifest.xml:16:5-19
MERGED from [com.android.support:support-v4:21.0.3] AndroidManifest.xml:16:5-19
	android:label
		ADDED from src\main\AndroidManifest.xml:20:9-41
	android:allowBackup
		ADDED from src\main\AndroidManifest.xml:18:9-35
	android:icon
		ADDED from src\main\AndroidManifest.xml:19:9-45
	android:theme
		ADDED from src\main\AndroidManifest.xml:21:9-40
activity#org.androidtown.bluetooth.MainActivity
ADDED from src\main\AndroidManifest.xml:24:9-33:20
	android:label
		ADDED from src\main\AndroidManifest.xml:26:13-45
	android:name
		ADDED from src\main\AndroidManifest.xml:25:13-41
intent-filter#android.intent.action.MAIN+android.intent.category.LAUNCHER
ADDED from src\main\AndroidManifest.xml:28:13-32:29
action#android.intent.action.MAIN
ADDED from src\main\AndroidManifest.xml:29:17-69
	android:name
		ADDED from src\main\AndroidManifest.xml:29:25-66
category#android.intent.category.LAUNCHER
ADDED from src\main\AndroidManifest.xml:31:17-77
	android:name
		ADDED from src\main\AndroidManifest.xml:31:27-74
activity#org.androidtown.bluetooth.DeviceListActivity
ADDED from src\main\AndroidManifest.xml:35:17-38:70
	android:label
		ADDED from src\main\AndroidManifest.xml:36:17-54
	android:configChanges
		ADDED from src\main\AndroidManifest.xml:38:17-67
	android:theme
		ADDED from src\main\AndroidManifest.xml:37:17-60
	android:name
		ADDED from src\main\AndroidManifest.xml:35:27-61
activity#org.androidtown.bluetooth.Chords
ADDED from src\main\AndroidManifest.xml:39:17-83
	android:label
		ADDED from src\main\AndroidManifest.xml:39:49-81
	android:name
		ADDED from src\main\AndroidManifest.xml:39:27-48
activity#org.androidtown.bluetooth.Chords2
ADDED from src\main\AndroidManifest.xml:40:18-85
	android:label
		ADDED from src\main\AndroidManifest.xml:40:51-83
	android:name
		ADDED from src\main\AndroidManifest.xml:40:28-50
activity#org.androidtown.bluetooth.Chords3button
ADDED from src\main\AndroidManifest.xml:41:23-96
	android:label
		ADDED from src\main\AndroidManifest.xml:41:62-94
	android:name
		ADDED from src\main\AndroidManifest.xml:41:33-61
intent-filter#android.intent.action.MAIN
ADDED from src\main\AndroidManifest.xml:42:18-44:29
activity#org.androidtown.bluetooth.Stroke1
ADDED from src\main\AndroidManifest.xml:45:17-51:24
	android:label
		ADDED from src\main\AndroidManifest.xml:46:19-51
	android:configChanges
		ADDED from src\main\AndroidManifest.xml:47:19-69
	android:name
		ADDED from src\main\AndroidManifest.xml:45:27-49